# JRE version: Java(TM) SE Runtime Environment (19.0.1+10) (build 19.0.1+10-21)
# Java VM: Java HotSpot(TM) 64-Bit Server VM (19.0.1+10-21, mixed mode, sharing, tiered, compressed oops, compressed class ptrs, g1 gc, windows-amd64)
GC Precious Log:
 CardTable entry size: 512
 Card Set container configuration: InlinePtr #cards 5 size 8 Array Of Cards #cards 12 size 40 Howl #buckets 4 coarsen threshold 1843 Howl Bitmap #cards 512 size 80 coarsen threshold 460 Card regions per heap region 1 cards per card region 2048
 CPUs: 16 total, 16 available
 Memory: 7955M
 Large Page Support: Disabled
 NUMA Support: Disabled
 Compressed Oops: Enabled (32-bit)
 Heap Region Size: 1M
 Heap Min Capacity: 256M
 Heap Initial Capacity: 256M
 Heap Max Capacity: 512M
 Pre-touch: Disabled
 Parallel Workers: 13
 Concurrent Workers: 3
 Concurrent Refinement Workers: 13
 Periodic GC: Disabled
Heap:
 garbage-first heap   total 262144K, used 110536K [0x00000000e0000000, 0x0000000100000000)
  region size 1024K, 8 young (8192K), 8 survivors (8192K)
 Metaspace       used 76593K, committed 78656K, reserved 446464K
  class space    used 10253K, committed 11328K, reserved 315392K
GC Heap History (20 events):
Event: 6.596 GC heap after
{Heap after GC invocations=3 (full 0):
 garbage-first heap   total 262144K, used 23072K [0x00000000e0000000, 0x0000000100000000)
  region size 1024K, 12 young (12288K), 12 survivors (12288K)
 Metaspace       used 20921K, committed 21504K, reserved 380928K
  class space    used 2959K, committed 3264K, reserved 315392K
}
Event: 7.672 GC heap before
{Heap before GC invocations=4 (full 0):
 garbage-first heap   total 262144K, used 132640K [0x00000000e0000000, 0x0000000100000000)
  region size 1024K, 110 young (112640K), 12 survivors (12288K)
 Metaspace       used 34855K, committed 36096K, reserved 380928K
  class space    used 4942K, committed 5632K, reserved 315392K
}
Event: 7.685 GC heap after
{Heap after GC invocations=5 (full 0):
 garbage-first heap   total 262144K, used 44468K [0x00000000e0000000, 0x0000000100000000)
  region size 1024K, 10 young (10240K), 10 survivors (10240K)
 Metaspace       used 34855K, committed 36096K, reserved 380928K
  class space    used 4942K, committed 5632K, reserved 315392K
}
Event: 7.706 GC heap before
{Heap before GC invocations=5 (full 0):
 garbage-first heap   total 262144K, used 44468K [0x00000000e0000000, 0x0000000100000000)
  region size 1024K, 11 young (11264K), 10 survivors (10240K)
 Metaspace       used 35203K, committed 36416K, reserved 380928K
  class space    used 4958K, committed 5632K, reserved 315392K
}
Event: 7.712 GC heap after
{Heap after GC invocations=6 (full 0):
 garbage-first heap   total 262144K, used 43826K [0x00000000e0000000, 0x0000000100000000)
  region size 1024K, 1 young (1024K), 1 survivors (1024K)
 Metaspace       used 35203K, committed 36416K, reserved 380928K
  class space    used 4958K, committed 5632K, reserved 315392K
}
Event: 7.746 GC heap before
{Heap before GC invocations=6 (full 0):
 garbage-first heap   total 262144K, used 45874K [0x00000000e0000000, 0x0000000100000000)
  region size 1024K, 4 young (4096K), 1 survivors (1024K)
 Metaspace       used 35546K, committed 36736K, reserved 380928K
  class space    used 4993K, committed 5632K, reserved 315392K
}
Event: 7.748 GC heap after
{Heap after GC invocations=7 (full 0):
 garbage-first heap   total 262144K, used 43725K [0x00000000e0000000, 0x0000000100000000)
  region size 1024K, 1 young (1024K), 1 survivors (1024K)
 Metaspace       used 35546K, committed 36736K, reserved 380928K
  class space    used 4993K, committed 5632K, reserved 315392K
}
Event: 9.049 GC heap before
{Heap before GC invocations=8 (full 0):
 garbage-first heap   total 262144K, used 163533K [0x00000000e0000000, 0x0000000100000000)
  region size 1024K, 109 young (111616K), 1 survivors (1024K)
 Metaspace       used 45529K, committed 47104K, reserved 380928K
  class space    used 6203K, committed 7040K, reserved 315392K
}
Event: 9.059 GC heap after
{Heap after GC invocations=9 (full 0):
 garbage-first heap   total 262144K, used 56137K [0x00000000e0000000, 0x0000000100000000)
  region size 1024K, 10 young (10240K), 10 survivors (10240K)
 Metaspace       used 45529K, committed 47104K, reserved 380928K
  class space    used 6203K, committed 7040K, reserved 315392K
}
Event: 9.082 GC heap before
{Heap before GC invocations=9 (full 0):
 garbage-first heap   total 262144K, used 58185K [0x00000000e0000000, 0x0000000100000000)
  region size 1024K, 12 young (12288K), 10 survivors (10240K)
 Metaspace       used 45699K, committed 47232K, reserved 380928K
  class space    used 6223K, committed 7040K, reserved 315392K
}
Event: 9.089 GC heap after
{Heap after GC invocations=10 (full 0):
 garbage-first heap   total 262144K, used 56541K [0x00000000e0000000, 0x0000000100000000)
  region size 1024K, 2 young (2048K), 2 survivors (2048K)
 Metaspace       used 45699K, committed 47232K, reserved 380928K
  class space    used 6223K, committed 7040K, reserved 315392K
}
Event: 10.760 GC heap before
{Heap before GC invocations=10 (full 0):
 garbage-first heap   total 262144K, used 167133K [0x00000000e0000000, 0x0000000100000000)
  region size 1024K, 111 young (113664K), 2 survivors (2048K)
 Metaspace       used 57257K, committed 59072K, reserved 380928K
  class space    used 8014K, committed 8960K, reserved 315392K
}
Event: 10.767 GC heap after
{Heap after GC invocations=11 (full 0):
 garbage-first heap   total 262144K, used 61463K [0x00000000e0000000, 0x0000000100000000)
  region size 1024K, 6 young (6144K), 6 survivors (6144K)
 Metaspace       used 57257K, committed 59072K, reserved 380928K
  class space    used 8014K, committed 8960K, reserved 315392K
}
Event: 11.721 GC heap before
{Heap before GC invocations=11 (full 0):
 garbage-first heap   total 262144K, used 103447K [0x00000000e0000000, 0x0000000100000000)
  region size 1024K, 48 young (49152K), 6 survivors (6144K)
 Metaspace       used 59625K, committed 61440K, reserved 380928K
  class space    used 8327K, committed 9280K, reserved 315392K
}
Event: 11.728 GC heap after
{Heap after GC invocations=12 (full 0):
 garbage-first heap   total 262144K, used 65929K [0x00000000e0000000, 0x0000000100000000)
  region size 1024K, 11 young (11264K), 11 survivors (11264K)
 Metaspace       used 59625K, committed 61440K, reserved 380928K
  class space    used 8327K, committed 9280K, reserved 315392K
}
Event: 14.780 GC heap before
{Heap before GC invocations=13 (full 0):
 garbage-first heap   total 262144K, used 211337K [0x00000000e0000000, 0x0000000100000000)
  region size 1024K, 129 young (132096K), 11 survivors (11264K)
 Metaspace       used 74112K, committed 76096K, reserved 446464K
  class space    used 10029K, committed 11072K, reserved 315392K
}
Event: 14.794 GC heap after
{Heap after GC invocations=14 (full 0):
 garbage-first heap   total 262144K, used 103629K [0x00000000e0000000, 0x0000000100000000)
  region size 1024K, 17 young (17408K), 17 survivors (17408K)
 Metaspace       used 74112K, committed 76096K, reserved 446464K
  class space    used 10029K, committed 11072K, reserved 315392K
}
Event: 14.795 GC heap before
{Heap before GC invocations=14 (full 0):
 garbage-first heap   total 262144K, used 104653K [0x00000000e0000000, 0x0000000100000000)
  region size 1024K, 18 young (18432K), 17 survivors (17408K)
 Metaspace       used 74112K, committed 76096K, reserved 446464K
  class space    used 10029K, committed 11072K, reserved 315392K
}
Event: 14.804 GC heap after
{Heap after GC invocations=15 (full 0):
 garbage-first heap   total 262144K, used 104216K [0x00000000e0000000, 0x0000000100000000)
  region size 1024K, 1 young (1024K), 1 survivors (1024K)
 Metaspace       used 74112K, committed 76096K, reserved 446464K
  class space    used 10029K, committed 11072K, reserved 315392K
}
Event: 15.571 GC heap before
{Heap before GC invocations=15 (full 0):
 garbage-first heap   total 262144K, used 199448K [0x00000000e0000000, 0x0000000100000000)
  region size 1024K, 94 young (96256K), 1 survivors (1024K)
 Metaspace       used 76593K, committed 78656K, reserved 446464K
  class space    used 10253K, committed 11328K, reserved 315392K
}

